<?xml version="1.0" encoding="UTF-8"?>
<!-- Generated by org.testng.reporters.JUnitReportReporter -->
<testsuite hostname="Minnu" failures="0" tests="1" name="createAccount.CreateAccount" time="2.269" errors="0" timestamp="2022-10-10T20:50:06 EDT" skipped="0">
  <testcase classname="createAccount.CreateAccount" name="Account" time="2.269"/>
  <system-out/>
</testsuite> <!-- createAccount.CreateAccount -->
