<?xml version="1.0" encoding="UTF-8"?>
<!-- Generated by org.testng.reporters.JUnitReportReporter -->
<testsuite hostname="Minnu" failures="0" tests="2" name="testLayer.SignInTest" time="17.115" errors="0" timestamp="2022-10-10T19:48:53 EDT" skipped="0">
  <testcase classname="testLayer.SignInTest" name="VerifySignInbutton" time="0.076"/>
  <system-out/>
  <testcase classname="testLayer.SignInTest" name="SignIn" time="17.039"/>
  <system-out/>
</testsuite> <!-- testLayer.SignInTest -->
