<?xml version="1.0" encoding="UTF-8"?>
<!-- Generated by org.testng.reporters.JUnitReportReporter -->
<testsuite hostname="Minnu" failures="0" tests="17" name="testLayer.SearchSortFilterTest" time="1173.039" errors="0" timestamp="2022-10-11T14:55:01 EDT" skipped="1">
  <testcase classname="testLayer.SearchSortFilterTest" name="Searching" time="12.070"/>
  <system-out/>
  <testcase classname="testLayer.SearchSortFilterTest" name="ProductInformation" time="5.260"/>
  <system-out/>
  <testcase classname="testLayer.SearchSortFilterTest" name="Next" time="4.839"/>
  <system-out/>
  <testcase classname="testLayer.SearchSortFilterTest" name="SortPriceLowandHigh" time="34.282"/>
  <system-out/>
  <testcase classname="testLayer.SearchSortFilterTest" name="SortRating" time="198.715"/>
  <system-out/>
  <testcase classname="testLayer.SearchSortFilterTest" name="SortNewest" time="6.935"/>
  <system-out/>
  <testcase classname="testLayer.SearchSortFilterTest" name="SortPopular" time="6.945"/>
  <system-out/>
  <testcase classname="testLayer.SearchSortFilterTest" name="FilterNewArrivals" time="7.315"/>
  <system-out/>
  <testcase classname="testLayer.SearchSortFilterTest" name="FilterRating" time="3.074"/>
  <system-out/>
  <testcase classname="testLayer.SearchSortFilterTest" name="FilterSavings" time="2.665"/>
  <system-out/>
  <testcase classname="testLayer.SearchSortFilterTest" name="FilterBrand" time="2.657"/>
  <system-out/>
  <testcase classname="testLayer.SearchSortFilterTest" name="FilterPrice" time="2.534"/>
  <system-out/>
  <testcase classname="testLayer.SearchSortFilterTest" name="FilterAvailability" time="2.633"/>
  <system-out/>
  <testcase classname="testLayer.SearchSortFilterTest" name="PaginationCheck" time="157.645"/>
  <system-out/>
  <testcase classname="testLayer.SearchSortFilterTest" name="SortandFilter" time="21.099"/>
  <system-out/>
  <testcase classname="testLayer.SearchSortFilterTest" name="SortFilterPagination" time="704.371"/>
  <system-out/>
  <testcase classname="testLayer.SearchSortFilterTest" name="PerPageProductNumber">
    <skipped/>
  </testcase> <!-- PerPageProductNumber -->
  <system-out/>
</testsuite> <!-- testLayer.SearchSortFilterTest -->
