<?xml version="1.0" encoding="UTF-8"?>
<!-- Generated by org.testng.reporters.JUnitReportReporter -->
<testsuite hostname="Minnu" failures="0" tests="5" name="testLayer.YourOrdersTest" time="19.251" errors="0" timestamp="2022-10-10T21:03:47 EDT" skipped="0">
  <testcase classname="testLayer.YourOrdersTest" name="Ordermethod" time="5.916"/>
  <system-out/>
  <testcase classname="testLayer.YourOrdersTest" name="PastOrder1" time="3.221"/>
  <system-out/>
  <testcase classname="testLayer.YourOrdersTest" name="Buyagain" time="2.882"/>
  <system-out/>
  <testcase classname="testLayer.YourOrdersTest" name="Notshipped" time="3.976"/>
  <system-out/>
  <testcase classname="testLayer.YourOrdersTest" name="Cancel" time="3.256"/>
  <system-out/>
</testsuite> <!-- testLayer.YourOrdersTest -->
