<?xml version="1.0" encoding="UTF-8"?>
<!-- Generated by org.testng.reporters.JUnitReportReporter -->
<testsuite hostname="Minnu" failures="0" tests="2" name="testLayer.YourAddressTest" time="20.160" errors="0" timestamp="2022-10-10T20:57:47 EDT" skipped="0">
  <testcase classname="testLayer.YourAddressTest" name="YourAddressButton" time="4.256"/>
  <system-out/>
  <testcase classname="testLayer.YourAddressTest" name="Addressmethod" time="15.904"/>
  <system-out/>
</testsuite> <!-- testLayer.YourAddressTest -->
